Arguments: 
  /usr/bin/node /usr/local/bin/yarn add forever

PATH: 
  /usr/local/sbin:/usr/local/bin:/usr/sbin:/usr/bin:/sbin:/bin:/usr/games:/usr/local/games

Yarn version: 
  1.3.2

Node version: 
  9.4.0

Platform: 
  linux x64

npm manifest: 
  {
    "name": "daily-thank-you",
    "version": "0.0.1",
    "description": "Application for team-building. A mini-chat in which users exchange messages of thanks to each other.",
    "license": "MIT",
    "contributors": [
      {
        "name": "Dmitry Dergunov",
        "email": "dmitry@dergunov.net",
        "url": "https://dergnuov.net/"
      },
      {
        "name": "Nail Badiullin",
        "email": "badiullin.nail@gmail.com"
      }
    ],
    "repository": {
      "type": "git",
      "url": "https://github.com/NeiruBugz/daily-thank-you"
    },
    "private": false,
    "scripts": {
      "start": "node ./bin/www",
      "dev": "nodemon app.js"
    },
    "dependencies": {
      "body-parser": "^1.18.2",
      "express": "~4.15.5",
      "googleapis": "^28.0.1",
      "mongoose": "^5.0.12"
    }
  }

yarn manifest: 
  No manifest

Lockfile: 
  # THIS IS AN AUTOGENERATED FILE. DO NOT EDIT THIS FILE DIRECTLY.
  # yarn lockfile v1
  
  
  accepts@~1.3.3:
    version "1.3.5"
    resolved "https://registry.yarnpkg.com/accepts/-/accepts-1.3.5.tgz#eb777df6011723a3b14e8a72c0805c8e86746bd2"
    dependencies:
      mime-types "~2.1.18"
      negotiator "0.6.1"
  
  array-flatten@1.1.1:
    version "1.1.1"
    resolved "https://registry.yarnpkg.com/array-flatten/-/array-flatten-1.1.1.tgz#9a5f699051b1e7073328f2a008968b64ea2955d2"
  
  async@2.1.4:
    version "2.1.4"
    resolved "https://registry.yarnpkg.com/async/-/async-2.1.4.tgz#2d2160c7788032e4dd6cbe2502f1f9a2c8f6cde4"
    dependencies:
      lodash "^4.14.0"
  
  axios@^0.18.0:
    version "0.18.0"
    resolved "https://registry.yarnpkg.com/axios/-/axios-0.18.0.tgz#32d53e4851efdc0a11993b6cd000789d70c05102"
    dependencies:
      follow-redirects "^1.3.0"
      is-buffer "^1.1.5"
  
  balanced-match@^1.0.0:
    version "1.0.0"
    resolved "https://registry.yarnpkg.com/balanced-match/-/balanced-match-1.0.0.tgz#89b4d199ab2bee49de164ea02b89ce462d71b767"
  
  base64url@2.0.0, base64url@^2.0.0:
    version "2.0.0"
    resolved "https://registry.yarnpkg.com/base64url/-/base64url-2.0.0.tgz#eac16e03ea1438eff9423d69baa36262ed1f70bb"
  
  bluebird@3.5.0:
    version "3.5.0"
    resolved "https://registry.yarnpkg.com/bluebird/-/bluebird-3.5.0.tgz#791420d7f551eea2897453a8a77653f96606d67c"
  
  body-parser@^1.18.2:
    version "1.18.2"
    resolved "https://registry.yarnpkg.com/body-parser/-/body-parser-1.18.2.tgz#87678a19d84b47d859b83199bd59bce222b10454"
    dependencies:
      bytes "3.0.0"
      content-type "~1.0.4"
      debug "2.6.9"
      depd "~1.1.1"
      http-errors "~1.6.2"
      iconv-lite "0.4.19"
      on-finished "~2.3.0"
      qs "6.5.1"
      raw-body "2.3.2"
      type-is "~1.6.15"
  
  brace-expansion@^1.1.7:
    version "1.1.11"
    resolved "https://registry.yarnpkg.com/brace-expansion/-/brace-expansion-1.1.11.tgz#3c7fcbf529d87226f3d2f52b966ff5271eb441dd"
    dependencies:
      balanced-match "^1.0.0"
      concat-map "0.0.1"
  
  browser-stdout@1.3.1:
    version "1.3.1"
    resolved "https://registry.yarnpkg.com/browser-stdout/-/browser-stdout-1.3.1.tgz#baa559ee14ced73452229bad7326467c61fabd60"
  
  bson@~1.0.4:
    version "1.0.6"
    resolved "https://registry.yarnpkg.com/bson/-/bson-1.0.6.tgz#444db59ddd4c24f0cb063aabdc5c8c7b0ceca912"
  
  buffer-equal-constant-time@1.0.1:
    version "1.0.1"
    resolved "https://registry.yarnpkg.com/buffer-equal-constant-time/-/buffer-equal-constant-time-1.0.1.tgz#f8e71132f7ffe6e01a5c9697a4c6f3e48d5cc819"
  
  bytes@3.0.0:
    version "3.0.0"
    resolved "https://registry.yarnpkg.com/bytes/-/bytes-3.0.0.tgz#d32815404d689699f85a4ea4fa8755dd13a96048"
  
  commander@2.11.0:
    version "2.11.0"
    resolved "https://registry.yarnpkg.com/commander/-/commander-2.11.0.tgz#157152fd1e7a6c8d98a5b715cf376df928004563"
  
  concat-map@0.0.1:
    version "0.0.1"
    resolved "https://registry.yarnpkg.com/concat-map/-/concat-map-0.0.1.tgz#d8a96bd77fd68df7793a73036a3ba0d5405d477b"
  
  content-disposition@0.5.2:
    version "0.5.2"
    resolved "https://registry.yarnpkg.com/content-disposition/-/content-disposition-0.5.2.tgz#0cf68bb9ddf5f2be7961c3a85178cb85dba78cb4"
  
  content-type@~1.0.2, content-type@~1.0.4:
    version "1.0.4"
    resolved "https://registry.yarnpkg.com/content-type/-/content-type-1.0.4.tgz#e138cc75e040c727b1966fe5e5f8c9aee256fe3b"
  
  cookie-signature@1.0.6:
    version "1.0.6"
    resolved "https://registry.yarnpkg.com/cookie-signature/-/cookie-signature-1.0.6.tgz#e303a882b342cc3ee8ca513a79999734dab3ae2c"
  
  cookie@0.3.1:
    version "0.3.1"
    resolved "https://registry.yarnpkg.com/cookie/-/cookie-0.3.1.tgz#e7e0a1f9ef43b4c8ba925c5c5a96e806d16873bb"
  
  debug@2.6.9:
    version "2.6.9"
    resolved "https://registry.yarnpkg.com/debug/-/debug-2.6.9.tgz#5d128515df134ff327e90a4c93f4e077a536341f"
    dependencies:
      ms "2.0.0"
  
  debug@3.1.0, debug@^3.1.0:
    version "3.1.0"
    resolved "https://registry.yarnpkg.com/debug/-/debug-3.1.0.tgz#5bb5a0672628b64149566ba16819e61518c67261"
    dependencies:
      ms "2.0.0"
  
  depd@1.1.1:
    version "1.1.1"
    resolved "https://registry.yarnpkg.com/depd/-/depd-1.1.1.tgz#5783b4e1c459f06fa5ca27f991f3d06e7a310359"
  
  depd@~1.1.1, depd@~1.1.2:
    version "1.1.2"
    resolved "https://registry.yarnpkg.com/depd/-/depd-1.1.2.tgz#9bcd52e14c097763e749b274c4346ed2e560b5a9"
  
  destroy@~1.0.4:
    version "1.0.4"
    resolved "https://registry.yarnpkg.com/destroy/-/destroy-1.0.4.tgz#978857442c44749e4206613e37946205826abd80"
  
  diff@3.5.0:
    version "3.5.0"
    resolved "https://registry.yarnpkg.com/diff/-/diff-3.5.0.tgz#800c0dd1e0a8bfbc95835c202ad220fe317e5a12"
  
  ecdsa-sig-formatter@1.0.9:
    version "1.0.9"
    resolved "https://registry.yarnpkg.com/ecdsa-sig-formatter/-/ecdsa-sig-formatter-1.0.9.tgz#4bc926274ec3b5abb5016e7e1d60921ac262b2a1"
    dependencies:
      base64url "^2.0.0"
      safe-buffer "^5.0.1"
  
  ee-first@1.1.1:
    version "1.1.1"
    resolved "https://registry.yarnpkg.com/ee-first/-/ee-first-1.1.1.tgz#590c61156b0ae2f4f0255732a158b266bc56b21d"
  
  encodeurl@~1.0.1:
    version "1.0.2"
    resolved "https://registry.yarnpkg.com/encodeurl/-/encodeurl-1.0.2.tgz#ad3ff4c86ec2d029322f5a02c3a9a606c95b3f59"
  
  escape-html@~1.0.3:
    version "1.0.3"
    resolved "https://registry.yarnpkg.com/escape-html/-/escape-html-1.0.3.tgz#0258eae4d3d0c0974de1c169188ef0051d1d1988"
  
  escape-string-regexp@1.0.5:
    version "1.0.5"
    resolved "https://registry.yarnpkg.com/escape-string-regexp/-/escape-string-regexp-1.0.5.tgz#1b61c0562190a8dff6ae3bb2cf0200ca130b86d4"
  
  etag@~1.8.0, etag@~1.8.1:
    version "1.8.1"
    resolved "https://registry.yarnpkg.com/etag/-/etag-1.8.1.tgz#41ae2eeb65efa62268aebfea83ac7d79299b0887"
  
  express@~4.15.5:
    version "4.15.5"
    resolved "https://registry.yarnpkg.com/express/-/express-4.15.5.tgz#670235ca9598890a5ae8170b83db722b842ed927"
    dependencies:
      accepts "~1.3.3"
      array-flatten "1.1.1"
      content-disposition "0.5.2"
      content-type "~1.0.2"
      cookie "0.3.1"
      cookie-signature "1.0.6"
      debug "2.6.9"
      depd "~1.1.1"
      encodeurl "~1.0.1"
      escape-html "~1.0.3"
      etag "~1.8.0"
      finalhandler "~1.0.6"
      fresh "0.5.2"
      merge-descriptors "1.0.1"
      methods "~1.1.2"
      on-finished "~2.3.0"
      parseurl "~1.3.1"
      path-to-regexp "0.1.7"
      proxy-addr "~1.1.5"
      qs "6.5.0"
      range-parser "~1.2.0"
      send "0.15.6"
      serve-static "1.12.6"
      setprototypeof "1.0.3"
      statuses "~1.3.1"
      type-is "~1.6.15"
      utils-merge "1.0.0"
      vary "~1.1.1"
  
  extend@^3.0.1:
    version "3.0.1"
    resolved "https://registry.yarnpkg.com/extend/-/extend-3.0.1.tgz#a755ea7bc1adfcc5a31ce7e762dbaadc5e636444"
  
  finalhandler@~1.0.6:
    version "1.0.6"
    resolved "https://registry.yarnpkg.com/finalhandler/-/finalhandler-1.0.6.tgz#007aea33d1a4d3e42017f624848ad58d212f814f"
    dependencies:
      debug "2.6.9"
      encodeurl "~1.0.1"
      escape-html "~1.0.3"
      on-finished "~2.3.0"
      parseurl "~1.3.2"
      statuses "~1.3.1"
      unpipe "~1.0.0"
  
  follow-redirects@^1.3.0:
    version "1.4.1"
    resolved "https://registry.yarnpkg.com/follow-redirects/-/follow-redirects-1.4.1.tgz#d8120f4518190f55aac65bb6fc7b85fcd666d6aa"
    dependencies:
      debug "^3.1.0"
  
  forwarded@~0.1.0:
    version "0.1.2"
    resolved "https://registry.yarnpkg.com/forwarded/-/forwarded-0.1.2.tgz#98c23dab1175657b8c0573e8ceccd91b0ff18c84"
  
  fresh@0.5.2:
    version "0.5.2"
    resolved "https://registry.yarnpkg.com/fresh/-/fresh-0.5.2.tgz#3d8cadd90d976569fa835ab1f8e4b23a105605a7"
  
  fs.realpath@^1.0.0:
    version "1.0.0"
    resolved "https://registry.yarnpkg.com/fs.realpath/-/fs.realpath-1.0.0.tgz#1504ad2523158caa40db4a2787cb01411994ea4f"
  
  gcp-metadata@^0.6.2:
    version "0.6.3"
    resolved "https://registry.yarnpkg.com/gcp-metadata/-/gcp-metadata-0.6.3.tgz#4550c08859c528b370459bd77a7187ea0bdbc4ab"
    dependencies:
      axios "^0.18.0"
      extend "^3.0.1"
      retry-axios "0.3.2"
  
  glob@7.1.2:
    version "7.1.2"
    resolved "https://registry.yarnpkg.com/glob/-/glob-7.1.2.tgz#c19c9df9a028702d678612384a6552404c636d15"
    dependencies:
      fs.realpath "^1.0.0"
      inflight "^1.0.4"
      inherits "2"
      minimatch "^3.0.4"
      once "^1.3.0"
      path-is-absolute "^1.0.0"
  
  google-auth-library@^1.3.1:
    version "1.4.0"
    resolved "https://registry.yarnpkg.com/google-auth-library/-/google-auth-library-1.4.0.tgz#27dae3b6aceadcc115a9910b4f1ed27b68b1eb0b"
    dependencies:
      axios "^0.18.0"
      gcp-metadata "^0.6.2"
      gtoken "^2.2.0"
      jws "^3.1.4"
      lodash.isstring "^4.0.1"
      lru-cache "^4.1.2"
      retry-axios "^0.3.2"
  
  google-p12-pem@^1.0.0:
    version "1.0.2"
    resolved "https://registry.yarnpkg.com/google-p12-pem/-/google-p12-pem-1.0.2.tgz#c8a3843504012283a0dbffc7430b7c753ecd4b07"
    dependencies:
      node-forge "^0.7.4"
      pify "^3.0.0"
  
  googleapis@^28.0.1:
    version "28.1.0"
    resolved "https://registry.yarnpkg.com/googleapis/-/googleapis-28.1.0.tgz#f78ce5751581387274f8eb22eee947a13c7c4285"
    dependencies:
      google-auth-library "^1.3.1"
      pify "^3.0.0"
      qs "^6.5.1"
      string-template "1.0.0"
      uuid "^3.2.1"
  
  growl@1.10.3:
    version "1.10.3"
    resolved "https://registry.yarnpkg.com/growl/-/growl-1.10.3.tgz#1926ba90cf3edfe2adb4927f5880bc22c66c790f"
  
  gtoken@^2.2.0:
    version "2.3.0"
    resolved "https://registry.yarnpkg.com/gtoken/-/gtoken-2.3.0.tgz#4e0ffc16432d7041a1b3dbc1d97aac17a5dc964a"
    dependencies:
      axios "^0.18.0"
      google-p12-pem "^1.0.0"
      jws "^3.1.4"
      mime "^2.2.0"
      pify "^3.0.0"
  
  has-flag@^2.0.0:
    version "2.0.0"
    resolved "https://registry.yarnpkg.com/has-flag/-/has-flag-2.0.0.tgz#e8207af1cc7b30d446cc70b734b5e8be18f88d51"
  
  he@1.1.1:
    version "1.1.1"
    resolved "https://registry.yarnpkg.com/he/-/he-1.1.1.tgz#93410fd21b009735151f8868c2f271f3427e23fd"
  
  http-errors@1.6.2:
    version "1.6.2"
    resolved "https://registry.yarnpkg.com/http-errors/-/http-errors-1.6.2.tgz#0a002cc85707192a7e7946ceedc11155f60ec736"
    dependencies:
      depd "1.1.1"
      inherits "2.0.3"
      setprototypeof "1.0.3"
      statuses ">= 1.3.1 < 2"
  
  http-errors@~1.6.2:
    version "1.6.3"
    resolved "https://registry.yarnpkg.com/http-errors/-/http-errors-1.6.3.tgz#8b55680bb4be283a0b5bf4ea2e38580be1d9320d"
    dependencies:
      depd "~1.1.2"
      inherits "2.0.3"
      setprototypeof "1.1.0"
      statuses ">= 1.4.0 < 2"
  
  iconv-lite@0.4.19:
    version "0.4.19"
    resolved "https://registry.yarnpkg.com/iconv-lite/-/iconv-lite-0.4.19.tgz#f7468f60135f5e5dad3399c0a81be9a1603a082b"
  
  inflight@^1.0.4:
    version "1.0.6"
    resolved "https://registry.yarnpkg.com/inflight/-/inflight-1.0.6.tgz#49bd6331d7d02d0c09bc910a1075ba8165b56df9"
    dependencies:
      once "^1.3.0"
      wrappy "1"
  
  inherits@2, inherits@2.0.3:
    version "2.0.3"
    resolved "https://registry.yarnpkg.com/inherits/-/inherits-2.0.3.tgz#633c2c83e3da42a502f52466022480f4208261de"
  
  ipaddr.js@1.4.0:
    version "1.4.0"
    resolved "https://registry.yarnpkg.com/ipaddr.js/-/ipaddr.js-1.4.0.tgz#296aca878a821816e5b85d0a285a99bcff4582f0"
  
  is-buffer@^1.1.5:
    version "1.1.6"
    resolved "https://registry.yarnpkg.com/is-buffer/-/is-buffer-1.1.6.tgz#efaa2ea9daa0d7ab2ea13a97b2b8ad51fefbe8be"
  
  jwa@^1.1.4:
    version "1.1.5"
    resolved "https://registry.yarnpkg.com/jwa/-/jwa-1.1.5.tgz#a0552ce0220742cd52e153774a32905c30e756e5"
    dependencies:
      base64url "2.0.0"
      buffer-equal-constant-time "1.0.1"
      ecdsa-sig-formatter "1.0.9"
      safe-buffer "^5.0.1"
  
  jws@^3.1.4:
    version "3.1.4"
    resolved "https://registry.yarnpkg.com/jws/-/jws-3.1.4.tgz#f9e8b9338e8a847277d6444b1464f61880e050a2"
    dependencies:
      base64url "^2.0.0"
      jwa "^1.1.4"
      safe-buffer "^5.0.1"
  
  kareem@2.0.6:
    version "2.0.6"
    resolved "https://registry.yarnpkg.com/kareem/-/kareem-2.0.6.tgz#011ed59fd718bb147c63141a799fc888cd5a211b"
  
  lodash.get@4.4.2:
    version "4.4.2"
    resolved "https://registry.yarnpkg.com/lodash.get/-/lodash.get-4.4.2.tgz#2d177f652fa31e939b4438d5341499dfa3825e99"
  
  lodash.isstring@^4.0.1:
    version "4.0.1"
    resolved "https://registry.yarnpkg.com/lodash.isstring/-/lodash.isstring-4.0.1.tgz#d527dfb5456eca7cc9bb95d5daeaf88ba54a5451"
  
  lodash@^4.14.0:
    version "4.17.5"
    resolved "https://registry.yarnpkg.com/lodash/-/lodash-4.17.5.tgz#99a92d65c0272debe8c96b6057bc8fbfa3bed511"
  
  lru-cache@^4.1.2:
    version "4.1.2"
    resolved "https://registry.yarnpkg.com/lru-cache/-/lru-cache-4.1.2.tgz#45234b2e6e2f2b33da125624c4664929a0224c3f"
    dependencies:
      pseudomap "^1.0.2"
      yallist "^2.1.2"
  
  media-typer@0.3.0:
    version "0.3.0"
    resolved "https://registry.yarnpkg.com/media-typer/-/media-typer-0.3.0.tgz#8710d7af0aa626f8fffa1ce00168545263255748"
  
  merge-descriptors@1.0.1:
    version "1.0.1"
    resolved "https://registry.yarnpkg.com/merge-descriptors/-/merge-descriptors-1.0.1.tgz#b00aaa556dd8b44568150ec9d1b953f3f90cbb61"
  
  methods@~1.1.2:
    version "1.1.2"
    resolved "https://registry.yarnpkg.com/methods/-/methods-1.1.2.tgz#5529a4d67654134edcc5266656835b0f851afcee"
  
  mime-db@~1.33.0:
    version "1.33.0"
    resolved "https://registry.yarnpkg.com/mime-db/-/mime-db-1.33.0.tgz#a3492050a5cb9b63450541e39d9788d2272783db"
  
  mime-types@~2.1.18:
    version "2.1.18"
    resolved "https://registry.yarnpkg.com/mime-types/-/mime-types-2.1.18.tgz#6f323f60a83d11146f831ff11fd66e2fe5503bb8"
    dependencies:
      mime-db "~1.33.0"
  
  mime@1.3.4:
    version "1.3.4"
    resolved "https://registry.yarnpkg.com/mime/-/mime-1.3.4.tgz#115f9e3b6b3daf2959983cb38f149a2d40eb5d53"
  
  mime@^2.2.0:
    version "2.3.1"
    resolved "https://registry.yarnpkg.com/mime/-/mime-2.3.1.tgz#b1621c54d63b97c47d3cfe7f7215f7d64517c369"
  
  minimatch@3.0.4, minimatch@^3.0.4:
    version "3.0.4"
    resolved "https://registry.yarnpkg.com/minimatch/-/minimatch-3.0.4.tgz#5166e286457f03306064be5497e8dbb0c3d32083"
    dependencies:
      brace-expansion "^1.1.7"
  
  minimist@0.0.8:
    version "0.0.8"
    resolved "https://registry.yarnpkg.com/minimist/-/minimist-0.0.8.tgz#857fcabfc3397d2625b8228262e86aa7a011b05d"
  
  mkdirp@0.5.1:
    version "0.5.1"
    resolved "https://registry.yarnpkg.com/mkdirp/-/mkdirp-0.5.1.tgz#30057438eac6cf7f8c4767f38648d6697d75c903"
    dependencies:
      minimist "0.0.8"
  
  mocha@^5.1.0:
    version "5.1.0"
    resolved "https://registry.yarnpkg.com/mocha/-/mocha-5.1.0.tgz#5ff11cc39c0bb65330ac6c41f9086634e3e3f686"
    dependencies:
      browser-stdout "1.3.1"
      commander "2.11.0"
      debug "3.1.0"
      diff "3.5.0"
      escape-string-regexp "1.0.5"
      glob "7.1.2"
      growl "1.10.3"
      he "1.1.1"
      minimatch "3.0.4"
      mkdirp "0.5.1"
      supports-color "4.4.0"
  
  mongodb-core@3.0.4:
    version "3.0.4"
    resolved "https://registry.yarnpkg.com/mongodb-core/-/mongodb-core-3.0.4.tgz#a3fdf466e697a2f1df87e458e5e2df1c26cc654b"
    dependencies:
      bson "~1.0.4"
      require_optional "^1.0.1"
  
  mongodb@3.0.4:
    version "3.0.4"
    resolved "https://registry.yarnpkg.com/mongodb/-/mongodb-3.0.4.tgz#ee0c0f7bc565edc5f40ee2d23170e522a8ad2286"
    dependencies:
      mongodb-core "3.0.4"
  
  mongoose-legacy-pluralize@1.0.2:
    version "1.0.2"
    resolved "https://registry.yarnpkg.com/mongoose-legacy-pluralize/-/mongoose-legacy-pluralize-1.0.2.tgz#3ba9f91fa507b5186d399fb40854bff18fb563e4"
  
  mongoose@^5.0.12:
    version "5.0.14"
    resolved "https://registry.yarnpkg.com/mongoose/-/mongoose-5.0.14.tgz#b2157eaa00eacded6e849b4fe36f58eeeda41119"
    dependencies:
      async "2.1.4"
      bson "~1.0.4"
      kareem "2.0.6"
      lodash.get "4.4.2"
      mongodb "3.0.4"
      mongoose-legacy-pluralize "1.0.2"
      mpath "0.4.1"
      mquery "3.0.0"
      ms "2.0.0"
      regexp-clone "0.0.1"
      sliced "1.0.1"
  
  mpath@0.4.1:
    version "0.4.1"
    resolved "https://registry.yarnpkg.com/mpath/-/mpath-0.4.1.tgz#ed10388430380bf7bbb5be1391e5d6969cb08e89"
  
  mquery@3.0.0:
    version "3.0.0"
    resolved "https://registry.yarnpkg.com/mquery/-/mquery-3.0.0.tgz#e5f387dbabc0b9b69859e550e810faabe0ceabb0"
    dependencies:
      bluebird "3.5.0"
      debug "2.6.9"
      regexp-clone "0.0.1"
      sliced "0.0.5"
  
  ms@2.0.0:
    version "2.0.0"
    resolved "https://registry.yarnpkg.com/ms/-/ms-2.0.0.tgz#5608aeadfc00be6c2901df5f9861788de0d597c8"
  
  negotiator@0.6.1:
    version "0.6.1"
    resolved "https://registry.yarnpkg.com/negotiator/-/negotiator-0.6.1.tgz#2b327184e8992101177b28563fb5e7102acd0ca9"
  
  node-forge@^0.7.4:
    version "0.7.5"
    resolved "https://registry.yarnpkg.com/node-forge/-/node-forge-0.7.5.tgz#6c152c345ce11c52f465c2abd957e8639cd674df"
  
  on-finished@~2.3.0:
    version "2.3.0"
    resolved "https://registry.yarnpkg.com/on-finished/-/on-finished-2.3.0.tgz#20f1336481b083cd75337992a16971aa2d906947"
    dependencies:
      ee-first "1.1.1"
  
  once@^1.3.0:
    version "1.4.0"
    resolved "https://registry.yarnpkg.com/once/-/once-1.4.0.tgz#583b1aa775961d4b113ac17d9c50baef9dd76bd1"
    dependencies:
      wrappy "1"
  
  parseurl@~1.3.1, parseurl@~1.3.2:
    version "1.3.2"
    resolved "https://registry.yarnpkg.com/parseurl/-/parseurl-1.3.2.tgz#fc289d4ed8993119460c156253262cdc8de65bf3"
  
  path-is-absolute@^1.0.0:
    version "1.0.1"
    resolved "https://registry.yarnpkg.com/path-is-absolute/-/path-is-absolute-1.0.1.tgz#174b9268735534ffbc7ace6bf53a5a9e1b5c5f5f"
  
  path-to-regexp@0.1.7:
    version "0.1.7"
    resolved "https://registry.yarnpkg.com/path-to-regexp/-/path-to-regexp-0.1.7.tgz#df604178005f522f15eb4490e7247a1bfaa67f8c"
  
  pify@^3.0.0:
    version "3.0.0"
    resolved "https://registry.yarnpkg.com/pify/-/pify-3.0.0.tgz#e5a4acd2c101fdf3d9a4d07f0dbc4db49dd28176"
  
  proxy-addr@~1.1.5:
    version "1.1.5"
    resolved "https://registry.yarnpkg.com/proxy-addr/-/proxy-addr-1.1.5.tgz#71c0ee3b102de3f202f3b64f608d173fcba1a918"
    dependencies:
      forwarded "~0.1.0"
      ipaddr.js "1.4.0"
  
  pseudomap@^1.0.2:
    version "1.0.2"
    resolved "https://registry.yarnpkg.com/pseudomap/-/pseudomap-1.0.2.tgz#f052a28da70e618917ef0a8ac34c1ae5a68286b3"
  
  qs@6.5.0:
    version "6.5.0"
    resolved "https://registry.yarnpkg.com/qs/-/qs-6.5.0.tgz#8d04954d364def3efc55b5a0793e1e2c8b1e6e49"
  
  qs@6.5.1, qs@^6.5.1:
    version "6.5.1"
    resolved "https://registry.yarnpkg.com/qs/-/qs-6.5.1.tgz#349cdf6eef89ec45c12d7d5eb3fc0c870343a6d8"
  
  range-parser@~1.2.0:
    version "1.2.0"
    resolved "https://registry.yarnpkg.com/range-parser/-/range-parser-1.2.0.tgz#f49be6b487894ddc40dcc94a322f611092e00d5e"
  
  raw-body@2.3.2:
    version "2.3.2"
    resolved "https://registry.yarnpkg.com/raw-body/-/raw-body-2.3.2.tgz#bcd60c77d3eb93cde0050295c3f379389bc88f89"
    dependencies:
      bytes "3.0.0"
      http-errors "1.6.2"
      iconv-lite "0.4.19"
      unpipe "1.0.0"
  
  regexp-clone@0.0.1:
    version "0.0.1"
    resolved "https://registry.yarnpkg.com/regexp-clone/-/regexp-clone-0.0.1.tgz#a7c2e09891fdbf38fbb10d376fb73003e68ac589"
  
  require_optional@^1.0.1:
    version "1.0.1"
    resolved "https://registry.yarnpkg.com/require_optional/-/require_optional-1.0.1.tgz#4cf35a4247f64ca3df8c2ef208cc494b1ca8fc2e"
    dependencies:
      resolve-from "^2.0.0"
      semver "^5.1.0"
  
  resolve-from@^2.0.0:
    version "2.0.0"
    resolved "https://registry.yarnpkg.com/resolve-from/-/resolve-from-2.0.0.tgz#9480ab20e94ffa1d9e80a804c7ea147611966b57"
  
  retry-axios@0.3.2, retry-axios@^0.3.2:
    version "0.3.2"
    resolved "https://registry.yarnpkg.com/retry-axios/-/retry-axios-0.3.2.tgz#5757c80f585b4cc4c4986aa2ffd47a60c6d35e13"
  
  safe-buffer@^5.0.1:
    version "5.1.1"
    resolved "https://registry.yarnpkg.com/safe-buffer/-/safe-buffer-5.1.1.tgz#893312af69b2123def71f57889001671eeb2c853"
  
  semver@^5.1.0:
    version "5.5.0"
    resolved "https://registry.yarnpkg.com/semver/-/semver-5.5.0.tgz#dc4bbc7a6ca9d916dee5d43516f0092b58f7b8ab"
  
  send@0.15.6:
    version "0.15.6"
    resolved "https://registry.yarnpkg.com/send/-/send-0.15.6.tgz#20f23a9c925b762ab82705fe2f9db252ace47e34"
    dependencies:
      debug "2.6.9"
      depd "~1.1.1"
      destroy "~1.0.4"
      encodeurl "~1.0.1"
      escape-html "~1.0.3"
      etag "~1.8.1"
      fresh "0.5.2"
      http-errors "~1.6.2"
      mime "1.3.4"
      ms "2.0.0"
      on-finished "~2.3.0"
      range-parser "~1.2.0"
      statuses "~1.3.1"
  
  serve-static@1.12.6:
    version "1.12.6"
    resolved "https://registry.yarnpkg.com/serve-static/-/serve-static-1.12.6.tgz#b973773f63449934da54e5beba5e31d9f4211577"
    dependencies:
      encodeurl "~1.0.1"
      escape-html "~1.0.3"
      parseurl "~1.3.2"
      send "0.15.6"
  
  setprototypeof@1.0.3:
    version "1.0.3"
    resolved "https://registry.yarnpkg.com/setprototypeof/-/setprototypeof-1.0.3.tgz#66567e37043eeb4f04d91bd658c0cbefb55b8e04"
  
  setprototypeof@1.1.0:
    version "1.1.0"
    resolved "https://registry.yarnpkg.com/setprototypeof/-/setprototypeof-1.1.0.tgz#d0bd85536887b6fe7c0d818cb962d9d91c54e656"
  
  sliced@0.0.5:
    version "0.0.5"
    resolved "https://registry.yarnpkg.com/sliced/-/sliced-0.0.5.tgz#5edc044ca4eb6f7816d50ba2fc63e25d8fe4707f"
  
  sliced@1.0.1:
    version "1.0.1"
    resolved "https://registry.yarnpkg.com/sliced/-/sliced-1.0.1.tgz#0b3a662b5d04c3177b1926bea82b03f837a2ef41"
  
  "statuses@>= 1.3.1 < 2", "statuses@>= 1.4.0 < 2":
    version "1.5.0"
    resolved "https://registry.yarnpkg.com/statuses/-/statuses-1.5.0.tgz#161c7dac177659fd9811f43771fa99381478628c"
  
  statuses@~1.3.1:
    version "1.3.1"
    resolved "https://registry.yarnpkg.com/statuses/-/statuses-1.3.1.tgz#faf51b9eb74aaef3b3acf4ad5f61abf24cb7b93e"
  
  string-template@1.0.0:
    version "1.0.0"
    resolved "https://registry.yarnpkg.com/string-template/-/string-template-1.0.0.tgz#9e9f2233dc00f218718ec379a28a5673ecca8b96"
  
  supports-color@4.4.0:
    version "4.4.0"
    resolved "https://registry.yarnpkg.com/supports-color/-/supports-color-4.4.0.tgz#883f7ddabc165142b2a61427f3352ded195d1a3e"
    dependencies:
      has-flag "^2.0.0"
  
  type-is@~1.6.15:
    version "1.6.16"
    resolved "https://registry.yarnpkg.com/type-is/-/type-is-1.6.16.tgz#f89ce341541c672b25ee7ae3c73dee3b2be50194"
    dependencies:
      media-typer "0.3.0"
      mime-types "~2.1.18"
  
  unpipe@1.0.0, unpipe@~1.0.0:
    version "1.0.0"
    resolved "https://registry.yarnpkg.com/unpipe/-/unpipe-1.0.0.tgz#b2bf4ee8514aae6165b4817829d21b2ef49904ec"
  
  utils-merge@1.0.0:
    version "1.0.0"
    resolved "https://registry.yarnpkg.com/utils-merge/-/utils-merge-1.0.0.tgz#0294fb922bb9375153541c4f7096231f287c8af8"
  
  uuid@^3.2.1:
    version "3.2.1"
    resolved "https://registry.yarnpkg.com/uuid/-/uuid-3.2.1.tgz#12c528bb9d58d0b9265d9a2f6f0fe8be17ff1f14"
  
  vary@~1.1.1:
    version "1.1.2"
    resolved "https://registry.yarnpkg.com/vary/-/vary-1.1.2.tgz#2299f02c6ded30d4a5961b0b9f74524a18f634fc"
  
  wrappy@1:
    version "1.0.2"
    resolved "https://registry.yarnpkg.com/wrappy/-/wrappy-1.0.2.tgz#b5243d8f3ec1aa35f1364605bc0d1036e30ab69f"
  
  yallist@^2.1.2:
    version "2.1.2"
    resolved "https://registry.yarnpkg.com/yallist/-/yallist-2.1.2.tgz#1c11f9218f076089a47dd512f93c6699a6a81d52"

Trace: 
  Error: EACCES: permission denied, mkdir '/home/dergunov/projects/daily-thank-you/api/node_modules/mongoose/node_modules'
